app/build/intermediates/manifest_merge_blame_file/debug/manifest-merger-blame-debug-report.txt
1<?xml version="1.0" encoding="utf-8"?>
2<manifest xmlns:android="http://schemas.android.com/apk/res/android"
3    package="com.google.mlkit.vision.demo"
4    android:installLocation="auto"
5    android:versionCode="11"
6    android:versionName="1.11" >
7    <!--
8 CameraX libraries require minSdkVersion 21, while this quickstart app
9    supports low to 16. Needs to use overrideLibrary to make the merger tool
10    ignore this conflict and import the libraries while keeping the app's lower
11    minSdkVersion value. In code, will check SDK version, before calling CameraX
12    APIs.
13    -->
14    <uses-sdk
14-->src\main\AndroidManifest.xml:13:5-16:63
15        android:minSdkVersion="16"
15-->src\main\AndroidManifest.xml:13:5-16:63
16        android:targetSdkVersion="29" />
16-->src\main\AndroidManifest.xml:13:5-16:63
17
18    <uses-feature android:name="android.hardware.camera" />
18-->src\main\AndroidManifest.xml:18:5-59
18-->src\main\AndroidManifest.xml:18:19-57
19
20    <uses-permission android:name="android.permission.INTERNET" />
20-->src\main\AndroidManifest.xml:20:5-66
20-->src\main\AndroidManifest.xml:20:22-64
21    <uses-permission android:name="android.permission.WRITE_EXTERNAL_STORAGE" />
21-->src\main\AndroidManifest.xml:21:5-80
21-->src\main\AndroidManifest.xml:21:22-78
22    <uses-permission android:name="android.permission.READ_EXTERNAL_STORAGE" />
22-->src\main\AndroidManifest.xml:22:5-79
22-->src\main\AndroidManifest.xml:22:22-77
23    <uses-permission android:name="android.permission.CAMERA" />
23-->src\main\AndroidManifest.xml:23:5-64
23-->src\main\AndroidManifest.xml:23:22-62
24
25    <application
25-->src\main\AndroidManifest.xml:25:5-63:19
26        android:name="androidx.multidex.MultiDexApplication"
26-->src\main\AndroidManifest.xml:26:9-61
27        android:appComponentFactory="androidx.core.app.CoreComponentFactory"
27-->[androidx.core:core:1.3.0] AndroidManifest.xml:24:18-86
28        android:debuggable="true"
29        android:icon="@drawable/logo_mlkit"
29-->src\main\AndroidManifest.xml:27:9-44
30        android:label="@string/app_name"
30-->src\main\AndroidManifest.xml:28:9-41
31        android:testOnly="true"
32        android:theme="@style/Theme.AppCompat" >
32-->src\main\AndroidManifest.xml:29:9-47
33        <meta-data
33-->src\main\AndroidManifest.xml:31:9-33:68
34            android:name="com.google.android.gms.version"
34-->src\main\AndroidManifest.xml:32:13-58
35            android:value="@integer/google_play_services_version" />
35-->src\main\AndroidManifest.xml:33:13-66
36
37        <!--
38          Optional: Add it to automatically download ML model to device after
39          your app is installed.
40        -->
41        <meta-data
41-->src\main\AndroidManifest.xml:37:9-39:51
42            android:name="com.google.mlkit.vision.DEPENDENCIES"
42-->src\main\AndroidManifest.xml:38:13-64
43            android:value="barcode,face,ocr,ica" />
43-->src\main\AndroidManifest.xml:39:13-49
44
45        <activity
45-->src\main\AndroidManifest.xml:42:9-49:20
46            android:name="com.google.mlkit.vision.demo.java.ChooserActivity"
46-->src\main\AndroidManifest.xml:43:13-49
47            android:exported="true" >
47-->src\main\AndroidManifest.xml:44:13-36
48            <intent-filter>
48-->src\main\AndroidManifest.xml:45:13-48:29
49                <action android:name="android.intent.action.MAIN" />
49-->src\main\AndroidManifest.xml:46:17-68
49-->src\main\AndroidManifest.xml:46:25-66
50
51                <category android:name="android.intent.category.LAUNCHER" />
51-->src\main\AndroidManifest.xml:47:17-76
51-->src\main\AndroidManifest.xml:47:27-74
52            </intent-filter>
53        </activity>
54        <activity
54-->src\main\AndroidManifest.xml:51:9-55:20
55            android:name="com.google.mlkit.vision.demo.java.LivePreviewActivity"
55-->src\main\AndroidManifest.xml:52:13-53
56            android:exported="true"
56-->src\main\AndroidManifest.xml:53:13-36
57            android:theme="@style/AppTheme" >
57-->src\main\AndroidManifest.xml:54:13-44
58        </activity>
59        <activity
59-->src\main\AndroidManifest.xml:59:9-61:39
60            android:name="com.google.mlkit.vision.demo.preference.SettingsActivity"
60-->src\main\AndroidManifest.xml:60:13-56
61            android:exported="false" />
61-->src\main\AndroidManifest.xml:61:13-37
62
63        <service
63-->[com.google.mlkit:pose-detection-common:17.0.0] AndroidManifest.xml:8:9-14:19
64            android:name="com.google.mlkit.common.internal.MlKitComponentDiscoveryService"
64-->[com.google.mlkit:pose-detection-common:17.0.0] AndroidManifest.xml:9:13-91
65            android:directBootAware="true"
65-->[com.google.mlkit:common:17.0.0] AndroidManifest.xml:17:13-43
66            android:exported="false" >
66-->[com.google.mlkit:pose-detection-common:17.0.0] AndroidManifest.xml:10:13-37
67            <meta-data
67-->[com.google.mlkit:pose-detection-common:17.0.0] AndroidManifest.xml:11:13-13:85
68                android:name="com.google.firebase.components:com.google.mlkit.vision.pose.internal.PoseRegistrar"
68-->[com.google.mlkit:pose-detection-common:17.0.0] AndroidManifest.xml:12:17-114
69                android:value="com.google.firebase.components.ComponentRegistrar" />
69-->[com.google.mlkit:pose-detection-common:17.0.0] AndroidManifest.xml:13:17-82
70            <meta-data
70-->[com.google.mlkit:vision-common:16.1.0] AndroidManifest.xml:12:13-14:85
71                android:name="com.google.firebase.components:com.google.mlkit.vision.common.internal.VisionCommonRegistrar"
71-->[com.google.mlkit:vision-common:16.1.0] AndroidManifest.xml:13:17-124
72                android:value="com.google.firebase.components.ComponentRegistrar" />
72-->[com.google.mlkit:vision-common:16.1.0] AndroidManifest.xml:14:17-82
73            <meta-data
73-->[com.google.mlkit:common:17.0.0] AndroidManifest.xml:20:13-22:85
74                android:name="com.google.firebase.components:com.google.mlkit.common.internal.CommonComponentRegistrar"
74-->[com.google.mlkit:common:17.0.0] AndroidManifest.xml:21:17-120
75                android:value="com.google.firebase.components.ComponentRegistrar" />
75-->[com.google.mlkit:common:17.0.0] AndroidManifest.xml:22:17-82
76        </service>
77
78        <provider
78-->[com.google.mlkit:common:17.0.0] AndroidManifest.xml:9:9-13:38
79            android:name="com.google.mlkit.common.internal.MlKitInitProvider"
79-->[com.google.mlkit:common:17.0.0] AndroidManifest.xml:10:13-78
80            android:authorities="com.google.mlkit.vision.demo.mlkitinitprovider"
80-->[com.google.mlkit:common:17.0.0] AndroidManifest.xml:11:13-69
81            android:exported="false"
81-->[com.google.mlkit:common:17.0.0] AndroidManifest.xml:12:13-37
82            android:initOrder="99" />
82-->[com.google.mlkit:common:17.0.0] AndroidManifest.xml:13:13-35
83
84        <activity
84-->[com.google.android.gms:play-services-base:17.0.0] AndroidManifest.xml:23:9-26:75
85            android:name="com.google.android.gms.common.api.GoogleApiActivity"
85-->[com.google.android.gms:play-services-base:17.0.0] AndroidManifest.xml:24:13-79
86            android:exported="false"
86-->[com.google.android.gms:play-services-base:17.0.0] AndroidManifest.xml:25:13-37
87            android:theme="@android:style/Theme.Translucent.NoTitleBar" />
87-->[com.google.android.gms:play-services-base:17.0.0] AndroidManifest.xml:26:13-72
88    </application>
89
90</manifest>